# CVS $Revision$ $Author$ -- Wed Sep  9 20:13:35 2009 -- reformated by prettylst.pl v1.39 (build 10232)
SOURCELONG:Pathfinder Roleplaying Game Bonus Bestiary	SOURCESHORT:PFBB	SOURCEWEB:http://paizo.com/store/byCompany/p/paizoPublishingLLC/pathfinder/pathfinderRPG/v5748btpy87f9	SOURCEDATE:2009-06

# Class Name	Hit Dice	Type			Max Level		Ability					Save checks bonus											Combat bonus
CLASS:Aberration	HD:8		TYPE:Monster	MAXLEVEL:NOLIMIT	ABILITY:FEAT|AUTOMATIC|CMB Output	BONUS:CHECKS|BASE.Will|CL/2+2	BONUS:CHECKS|BASE.Fortitude,BASE.Reflex|CL/3	BONUS:COMBAT|BAB|CL*3/4|TYPE=Base.REPLACE
# Class Name	Reg. Race Type
CLASS:Aberration	PRERACETYPE:Aberration
# Class Name	Skill Pts/Lvl	Add INT to Skill Points?
CLASS:Aberration	STARTSKILLPTS:4	MODTOSKILLS:YES

# Class Name	Hit Dice	Type			Max Level		Ability					Save checks bonus											Combat bonus
CLASS:Animal	HD:8		TYPE:Monster	MAXLEVEL:NOLIMIT	ABILITY:FEAT|AUTOMATIC|CMB Output	BONUS:CHECKS|BASE.Fortitude,BASE.Reflex|CL/2+2	BONUS:CHECKS|BASE.Will|CL/3	BONUS:COMBAT|BAB|CL*3/4|TYPE=Base.REPLACE
# Class Name	Reg. Race Type
CLASS:Animal	PRERACETYPE:Animal
# Class Name	Skill Pts/Lvl	Add INT to Skill Points?
CLASS:Animal	STARTSKILLPTS:2	MODTOSKILLS:YES

# Class Name	Hit Dice	Type			Max Level		Ability																		Save checks bonus								Combat bonus
CLASS:Construct	HD:10		TYPE:Monster	MAXLEVEL:NOLIMIT	ABILITY:Special Ability|AUTOMATIC|Construct Traits|PREVAREQ:NoTypeTraits,0	ABILITY:FEAT|AUTOMATIC|CMB Output	BONUS:CHECKS|BASE.Fortitude,BASE.Reflex,BASE.Will|CL/3	BONUS:COMBAT|BAB|CL|TYPE=Base.REPLACE
# Class Name	Reg. Race Type
CLASS:Construct	PRERACETYPE:Construct
# Class Name	Skill Pts/Lvl	Add INT to Skill Points?
CLASS:Construct	STARTSKILLPTS:2	MODTOSKILLS:YES

# Class Name			Output Name			Hit Dice	Type			Max Level		Levels per Feat	Ability																		Save checks bonus								Combat bonus
CLASS:Construct (Mindless)	OUTPUTNAME:Construct	HD:10		TYPE:Monster	MAXLEVEL:NOLIMIT	LEVELSPERFEAT:0	ABILITY:Special Ability|AUTOMATIC|Construct Traits|PREVAREQ:NoTypeTraits,0	ABILITY:FEAT|AUTOMATIC|CMB Output	BONUS:CHECKS|BASE.Fortitude,BASE.Reflex,BASE.Will|CL/3	BONUS:COMBAT|BAB|CL|TYPE=Base.REPLACE
# Class Name			Reg. Race Type
CLASS:Construct (Mindless)	PRERACETYPE:Construct
# Class Name			Skill Pts/Lvl	Add INT to Skill Points?
CLASS:Construct (Mindless)	STARTSKILLPTS:0	MODTOSKILLS:NO

# Class Name	Hit Dice	Type			Max Level		Ability					Save checks bonus											Combat bonus
CLASS:Fey		HD:6		TYPE:Monster	MAXLEVEL:NOLIMIT	ABILITY:FEAT|AUTOMATIC|CMB Output	BONUS:CHECKS|BASE.Will,BASE.Reflex|CL/2+2	BONUS:CHECKS|BASE.Fortitude|CL/3	BONUS:COMBAT|BAB|CL/2|TYPE=Base.REPLACE
# Class Name	Reg. Race Type
CLASS:Fey		PRERACETYPE:Fey
# Class Name	Skill Pts/Lvl	Add INT to Skill Points?
CLASS:Fey		STARTSKILLPTS:6	MODTOSKILLS:YES

# Class Name	Hit Dice	Type			Max Level		Ability					Save checks bonus								Combat bonus
CLASS:Dragon	HD:12		TYPE:Monster	MAXLEVEL:NOLIMIT	ABILITY:FEAT|AUTOMATIC|CMB Output	BONUS:CHECKS|BASE.Fortitude,BASE.Reflex,BASE.Will|CL/2+2	BONUS:COMBAT|BAB|CL|TYPE=Base.REPLACE
# Class Name	Reg. Race Type
CLASS:Dragon	PRERACETYPE:Dragon
# Class Name	Skill Pts/Lvl	Add INT to Skill Points?
CLASS:Dragon	STARTSKILLPTS:6	MODTOSKILLS:YES

# Class Name		Hit Dice	Type			Max Level		Ability					Save checks bonus											Combat bonus
CLASS:Magical Beast	HD:10		TYPE:Monster	MAXLEVEL:NOLIMIT	ABILITY:FEAT|AUTOMATIC|CMB Output	BONUS:CHECKS|BASE.Fortitude,BASE.Reflex|CL/2+2	BONUS:CHECKS|BASE.Will|CL/3	BONUS:COMBAT|BAB|CL|TYPE=Base.REPLACE
# Class Name		Reg. Race Type
CLASS:Magical Beast	PRERACETYPE:Magical Beast
# Class Name		Skill Pts/Lvl	Add INT to Skill Points?
CLASS:Magical Beast	STARTSKILLPTS:2	MODTOSKILLS:YES

# Class Name			Hit Dice	Type			Max Level		Ability					Save checks bonus											Combat bonus
CLASS:Monstrous humanoid	HD:10		TYPE:Monster	MAXLEVEL:NOLIMIT	ABILITY:FEAT|AUTOMATIC|CMB Output	BONUS:CHECKS|BASE.Will,BASE.Reflex|CL/2+2	BONUS:CHECKS|BASE.Fortitude|CL/3	BONUS:COMBAT|BAB|CL|TYPE=Base.REPLACE
# Class Name			Reg. Race Type
CLASS:Monstrous humanoid	PRERACETYPE:Monstrous humanoid
# Class Name			Skill Pts/Lvl	Add INT to Skill Points?
CLASS:Monstrous humanoid	STARTSKILLPTS:4	MODTOSKILLS:YES

# Class Name			Hit Dice	Type			Max Level		Ability					Save checks bonus											Combat bonus
CLASS:Outsider (Fort/Ref)	HD:10		TYPE:Monster	MAXLEVEL:NOLIMIT	ABILITY:FEAT|AUTOMATIC|CMB Output	BONUS:CHECKS|BASE.Fortitude,BASE.Reflex|CL/2+2	BONUS:CHECKS|BASE.Will|CL/3	BONUS:COMBAT|BAB|CL|TYPE=Base.REPLACE
# Class Name			Reg. Race Type
CLASS:Outsider (Fort/Ref)	PRERACETYPE:Outsider
# Class Name			Skill Pts/Lvl	Add INT to Skill Points?
CLASS:Outsider (Fort/Ref)	STARTSKILLPTS:6	MODTOSKILLS:YES

# Class Name			Hit Dice	Type			Max Level		Ability					Save checks bonus											Combat bonus
CLASS:Outsider (Fort/Will)	HD:10		TYPE:Monster	MAXLEVEL:NOLIMIT	ABILITY:FEAT|AUTOMATIC|CMB Output	BONUS:CHECKS|BASE.Fortitude,BASE.Will|CL/2+2	BONUS:CHECKS|BASE.Reflex|CL/3	BONUS:COMBAT|BAB|CL|TYPE=Base.REPLACE
# Class Name			Reg. Race Type
CLASS:Outsider (Fort/Will)	PRERACETYPE:Outsider
# Class Name			Skill Pts/Lvl	Add INT to Skill Points?
CLASS:Outsider (Fort/Will)	STARTSKILLPTS:6	MODTOSKILLS:YES

# Class Name			Hit Dice	Type			Max Level		Ability					Save checks bonus											Combat bonus
CLASS:Outsider (Ref/Will)	HD:10		TYPE:Monster	MAXLEVEL:NOLIMIT	ABILITY:FEAT|AUTOMATIC|CMB Output	BONUS:CHECKS|BASE.Reflex,BASE.Will|CL/2+2	BONUS:CHECKS|BASE.Fortitude|CL/3	BONUS:COMBAT|BAB|CL|TYPE=Base.REPLACE
# Class Name			Reg. Race Type
CLASS:Outsider (Ref/Will)	PRERACETYPE:Outsider
# Class Name			Skill Pts/Lvl	Add INT to Skill Points?
CLASS:Outsider (Ref/Will)	STARTSKILLPTS:6	MODTOSKILLS:YES

# Class Name	Hit Dice	Type			Max Level		Ability																	Save checks bonus											Combat bonus
CLASS:Plant		HD:8		TYPE:Monster	MAXLEVEL:NOLIMIT	ABILITY:Special Ability|AUTOMATIC|Plant Traits|PREVAREQ:NoTypeTraits,0	ABILITY:FEAT|AUTOMATIC|CMB Output	BONUS:CHECKS|BASE.Fortitude|CL/2+2	BONUS:CHECKS|BASE.Will,BASE.Reflex|CL/3	BONUS:COMBAT|BAB|CL*3/4|TYPE=Base.REPLACE
# Class Name	Reg. Race Type
CLASS:Plant		PRERACETYPE:Plant
# Class Name	Skill Pts/Lvl	Add INT to Skill Points?
CLASS:Plant		STARTSKILLPTS:2	MODTOSKILLS:YES

# Class Name		Output Name		Hit Dice	Type			Max Level		Levels per Feat	Ability																	Save checks bonus											Combat bonus
CLASS:Plant (Mindless)	OUTPUTNAME:Plant	HD:8		TYPE:Monster	MAXLEVEL:NOLIMIT	LEVELSPERFEAT:0	ABILITY:Special Ability|AUTOMATIC|Plant Traits|PREVAREQ:NoTypeTraits,0	ABILITY:FEAT|AUTOMATIC|CMB Output	BONUS:CHECKS|BASE.Fortitude|CL/2+2	BONUS:CHECKS|BASE.Will,BASE.Reflex|CL/3	BONUS:COMBAT|BAB|CL*3/4|TYPE=Base.REPLACE
# Class Name		Reg. Race Type
CLASS:Plant (Mindless)	PRERACETYPE:Plant
# Class Name		Skill Pts/Lvl	Add INT to Skill Points?
CLASS:Plant (Mindless)	STARTSKILLPTS:0	MODTOSKILLS:NO

# Class Name	Hit Dice	Type			Max Level		Ability																	Save checks bonus											Combat bonus
CLASS:Undead	HD:8		TYPE:Monster	MAXLEVEL:NOLIMIT	ABILITY:Special Ability|AUTOMATIC|Undead Traits|PREVAREQ:NoTypeTraits,0	ABILITY:FEAT|AUTOMATIC|CMB Output	BONUS:CHECKS|BASE.Fortitude,BASE.Will|CL/2+2	BONUS:CHECKS|BASE.Reflex|CL/3	BONUS:COMBAT|BAB|CL*3/4|TYPE=Base.REPLACE
# Class Name	Reg. Race Type
CLASS:Undead	PRERACETYPE:Undead
# Class Name	Skill Pts/Lvl	Add INT to Skill Points?
CLASS:Undead	STARTSKILLPTS:4	MODTOSKILLS:YES

# Class Name	Hit Dice	Type			Max Level		Levels per Feat	Ability																	Save checks bonus											Combat bonus
CLASS:Vermin	HD:8		TYPE:Monster	MAXLEVEL:NOLIMIT	LEVELSPERFEAT:0	ABILITY:Special Ability|AUTOMATIC|Vermin Traits|PREVAREQ:NoTypeTraits,0	ABILITY:FEAT|AUTOMATIC|CMB Output	BONUS:CHECKS|BASE.Fortitude|CL/2+2	BONUS:CHECKS|BASE.Will,BASE.Reflex|CL/3	BONUS:COMBAT|BAB|CL*3/4|TYPE=Base.REPLACE
# Class Name	Reg. Race Type
CLASS:Vermin	PRERACETYPE:Vermin
# Class Name	Skill Pts/Lvl	Add INT to Skill Points?
CLASS:Vermin	STARTSKILLPTS:0	MODTOSKILLS:NO

# Class Name			Output Name		Hit Dice	Type			Max Level		Ability																	Save checks bonus											Combat bonus
CLASS:Vermin (Intelligent)	OUTPUTNAME:Vermin	HD:8		TYPE:Monster	MAXLEVEL:NOLIMIT	ABILITY:Special Ability|AUTOMATIC|Vermin Traits|PREVAREQ:NoTypeTraits,0	ABILITY:FEAT|AUTOMATIC|CMB Output	BONUS:CHECKS|BASE.Fortitude|CL/2+2	BONUS:CHECKS|BASE.Will,BASE.Reflex|CL/3	BONUS:COMBAT|BAB|CL*3/4|TYPE=Base.REPLACE
# Class Name			Reg. Race Type
CLASS:Vermin (Intelligent)	PRERACETYPE:Vermin
# Class Name			Skill Pts/Lvl	Add INT to Skill Points?
CLASS:Vermin (Intelligent)	STARTSKILLPTS:2	MODTOSKILLS:YES
