# CVS $Revision$ $Author$ -- Thu Nov 19 23:38:49 2009 -- reformated by prettylst.pl v1.39 (build 10232)
SOURCELONG:Pathfinder Roleplaying Game Bestiary	SOURCESHORT:PFB	SOURCEWEB:http://paizo.com/store/byCompany/p/paizoPublishingLLC/pathfinder/pathfinderRPG/v5748btpy85k5	SOURCEDATE:2009-10

###Block: Kobold Abilities
# Ability Name	Unique Key			Category of Ability		Type						Description											Class Skill				Source Page
Crafty		KEY:Crafty ~ Kobold	CATEGORY:Special Ability	TYPE:SpecialQuality.Extraordinary	DESC:Craft (Traps) and Stealth are always class skills for a kobold.	CSKILL:Craft (Traps)|Stealth	SOURCEPAGE:p.183

###Block: Kraken Abilities
# Ability Name	Unique Key					Category of Ability		Type						Define					Description																												Source Page		Aspects																									Description of the Benefits
Ink Cloud		KEY:Ink Cloud ~ Kraken			CATEGORY:Special Ability	TYPE:SpecialAttack.Extraordinary	DEFINE:InkCloudDC|10+(HD/2)+CON	DESC:A kraken can emit a cloud of black, venomous ink in an 80-foot spread once per minute as a free action while underwater.									SOURCEPAGE:p.184	ASPECT:Ability Benefit|(contact; save Fort DC %1; frequency 1/round for 10 rounds; effect 1 Str damage plus nausea; cure 2 consecutive saves)|InkCloudDC	BENEFIT:A kraken can emit a cloud of black, venomous ink in an 80-foot spread once per minute as a free action while underwater. This cloud provides total concealment, which the kraken can use to escape a fight that is going badly. Creatures within the cloud are considered to be in darkness. In addition, the ink is toxic, functioning as contact poison against all creatures caught within it. The ink cloud persists for 1 minute before dispersing. Kraken Ink; Ink cloud--contact; save Fort DC %1; frequency 1/round for 10 rounds; effect 1 Str damage plus nausea; cure 2 consecutive saves.|InkCloudDC
Jet			KEY:Jet ~ Kraken				CATEGORY:Special Ability	TYPE:SpecialQuality.Extraordinary							DESC:A kraken can jet backward as a full-round action, at a speed of 280 feet. It must move in a straight line, but does not provoke attacks of opportunity while jetting.	SOURCEPAGE:p.184	ASPECT:Ability Benefit|(280 ft.)
Rend Ship		KEY:Rend Ship ~ Kraken			CATEGORY:Special Ability	TYPE:SpecialAttack.Extraordinary							DESC:As a full-round action, a kraken can attempt to use four of its tentacles to grapple a ship of its size or smaller.									SOURCEPAGE:p.184																											BENEFIT:As a full-round action, a kraken can attempt to use four of its tentacles to grapple a ship of its size or smaller. It makes a CMB check opposed by the ship's captain's Profession (sailor) check, but the kraken gets a cumulative +4 bonus on the check for each size category smaller than Gargantuan the ship is. If the kraken grapples the ship, it holds the ship motionless; it can attack targets anywhere on or within the ship with its tentacles, but can only attack foes on deck with its free arms and can't attack foes at all with its beak. Each round it maintains its hold on the ship, it automatically inflicts bite damage on the ship's hull.
Tenacious Grapple	KEY:Tenacious Grapple ~ Kraken	CATEGORY:Special Ability	TYPE:SpecialQuality.Extraordinary							DESC:A kraken does not gain the grappled condition if it grapples a foe with its arms or tentacles.													SOURCEPAGE:p.184

###Block: Kyton Abilities
# Ability Name	Unique Key				Category of Ability		Type						Define						Description																																Combat bonus					Weapon prof. bonus			Source Page		Aspects							Description of the Benefits
Chain Armor		KEY:Chain Armor ~ Kyton		CATEGORY:Special Ability	TYPE:SpecialQuality.Extraordinary								DESC:The chains that adorn a kyton grant it a +4 armor bonus, but are not treated as armor for the purpose of arcane spell failure, armor check penalties, maximum Dexterity, weight, or proficiency.	BONUS:COMBAT|AC|4|TYPE=Armor.REPLACE							SOURCEPAGE:p.185
Dancing Chains	KEY:Dancing Chains ~ Kyton	CATEGORY:Special Ability	TYPE:SpecialAttack.Supernatural	DEFINE:DancingChainsDC|10+(HD/2)+CHA	DESC:A kyton can control up to four chains within 20 feet as a standard action, making the chains dance or move as it wishes.																				BONUS:WEAPONPROF=Chains|TOHIT|4	SOURCEPAGE:p.185									BENEFIT:A kyton can control up to four chains within 20 feet as a standard action, making the chains dance or move as it wishes. In addition, a kyton can increase these chains' length by up to 15 feet and cause them to sprout razor-edged barbs. These chains attack as effectively as the kyton itself. If a chain is in another creature's possession, the creature can attempt a DC %1 Will save to break the kyton's power over that chain. If the save is successful, the kyton cannot attempt to control that particular chain again for 24 hours or until the chain leaves the creature's possession. A kyton can climb chains it controls at its normal speed without making Climb checks.|DancingChainsDC
Unnerving Gaze	KEY:Unnerving Gaze ~ Kyton	CATEGORY:Special Ability	TYPE:SpecialAttack.Supernatural	DEFINE:UnnervingGazeDC|10+(HD/2)+CHA	DESC:A kyton can make its face resemble one of an opponent's departed loved ones or bitter enemies.																														SOURCEPAGE:p.185	ASPECT:Ability Benefit|(DC %1)|UnnervingGazeDC	BENEFIT:Range 30 ft., Will DC %1 negates. A kyton can make its face resemble one of an opponent's departed loved ones or bitter enemies. Those who fail their saves become shaken for 1d3 rounds. This is a mind-affecting fear effect.|UnnervingGazeDC

###Block: Crag Linnorm abilities
# Ability Name			Unique Key							Category of Ability		Type						Visible	Define			Description																													Modify VAR
Death Curse				KEY:Death Curse ~ Crag Linnorm			CATEGORY:Special Ability	TYPE:SpecialAttack.Supernatrual	VISIBLE:YES	DEFINE:DeathCurseDC|0	DESC:When a creature slays a crag linnorm, the slayer is affected by the curse of fire. Curse of Fire: save Will DC %1; effect creature gains vulnerability to fire.|DeathCurseDC	BONUS:VAR|DeathCurseDC|10+(HD/2)+CHA
Freedom of Movement		KEY:Freedom of Movement ~ Crag Linnorm		CATEGORY:Special Ability	TYPE:SpecialQuality.Extraordinary	VISIBLE:YES					DESC:A crag linnorm is under the constant effect of Freedom of Movement, as per the spell of the same name. This effect cannot be dispelled.
Immunity to Curse Effects	KEY:Immunity to Curse Effects ~ Crag Linnorm	CATEGORY:Special Ability	TYPE:SpecialQuality.Extraordinary	VISIBLE:YES					DESC:A crag linnorm cannot be cursed.
Poison				KEY:Poison ~ Crag Linnorm				CATEGORY:Special Ability	TYPE:SpecialAttack.Supernatrual	VISIBLE:YES	DEFINE:PoisonDC|0		DESC:Bite - Injury; Save Fort DC %1; Frequency 1/round for 10 rounds; Effect 2d6 fire damage and 1d4 Con drain; Cure 2 consecutive saves.|PoisonDC						BONUS:VAR|PoisonDC|10+(HD/2)+CON
True Seeing				KEY:True Seeing ~ Crag Linnorm			CATEGORY:Special Ability	TYPE:SpecialQuality.Extraordinary	VISIBLE:YES					DESC:A crag linnorm has constant True Seeing, as per the spell of the same name.

#
# End
#
