# CVS $Revision$ $Author$ -- Tue Nov 10 15:28:33 2009 -- reformated by prettylst.pl v1.39 (build 10232)
SOURCELONG:Pathfinder Roleplaying Game Bestiary	SOURCESHORT:PFB	SOURCEWEB:http://paizo.com/store/byCompany/p/paizoPublishingLLC/pathfinder/pathfinderRPG/v5748btpy85k5	SOURCEDATE:2009-10

STARTPACK:Linnorm (Crag) Default	TYPE:DefaultMonster.Outsider	VISIBLE:QUALIFY	EQUIPBUY:0	PREMULT:1,[!PRERACE:1,%],[PRERACE:1,Linnorm (Crag)]	SOURCEPAGE:p.20
STAT:STR=10|DEX=10|CON=11|INT=11|WIS=10|CHA=11
RACE:Linnorm (Crag)	!PRERACE:1,%
NAME:Crag Linnorm
ALIGN:TN
SKILL:Fly		RANK:15
SKILL:Perception	RANK:15
SKILL:Swim		RANK:15
FEAT:Blind-Fight
FEAT:Cleave
FEAT:Combat Reflexes
FEAT:Improved Bull Rush
FEAT:Improved Critical (Bite)
FEAT:Improved Initiative
FEAT:Lightning Reflexes
FEAT:Power Attack

#
# End
#