# CVS $Revision$ $Author$ -- Sat Dec 12 16:47:12 2009 -- reformated by prettylst.pl v1.39 (build 10232)
SOURCELONG:Pathfinder Roleplaying Game Bestiary	SOURCESHORT:PFB	SOURCEWEB:http://paizo.com/store/byCompany/p/paizoPublishingLLC/pathfinder/pathfinderRPG/v5748btpy85k5	SOURCEDATE:2009-10

###Block: Aboleth abilities
# Ability Name	Unique Key				Category of Ability		Type							Visible	Define			Description																																																																																												Modify VAR						Source Page
Mucus Cloud		KEY:Mucus Cloud ~ Aboleth	CATEGORY:Special Ability	TYPE:SpecialAttack.Extraordinary.Aura	VISIBLE:YES	DEFINE:MucusCloudDC|0	DESC:While underwater, an aboleth exudes a cloud of transparent slime. All creatures adjacent to an aboleth must succeed on a DC %1 Fortitude save each round or lose the ability to breathe air (but gain the ability to breathe water) for 3 hours. Renewed contact with an aboleth's mucus cloud and failing another save extends the effect for another 3 hours.|MucusCloudDC																																BONUS:VAR|MucusCloudDC|10+(TL/2)+CON	SOURCEPAGE:p.8
Slime			KEY:Slime ~ Aboleth		CATEGORY:Special Ability	TYPE:SpecialAttack.Extraordinary		VISIBLE:YES	DEFINE:SlimeDC|0		DESC:A creature hit by an aboleth's tentacle must succeed on a DC %1 Fortitude save or his skin and flesh transform into a clear, slimy membrane over the course of 1d4 rounds. The creature's new "flesh" is soft and tender, reducing its Constitution score by 4 as long as it persists. If the creature's flesh isn't kept moist, it dries quickly and the victim takes 1d12 points of damage every 10 minutes. Remove disease and similar effects can restore an afflicted creature to normal, but immunity to disease offers no protection from this attack.|SlimeDC	BONUS:VAR|SlimeDC|10+(TL/2)+CON		SOURCEPAGE:p.8

###Block: Angel abilities
# Ability Name				Unique Key					Category of Ability		Type							Visible	Define				Description																			Source Page		Aspects							Description of the Benefits
Change Shape				KEY:Change Shape ~ Angel		CATEGORY:Special Ability	TYPE:SpecialQuality.Supernatural									DESC:Alter self																		SOURCEPAGE:p.11	ASPECT:Ability Benefit|(alter self)
Detect Evil					KEY:Detect Evil ~ Angel			CATEGORY:Special Ability	TYPE:SpecialQuality.SpellLike.Sense									DESC:The Angel has Detect Evil as a constant ability.												SOURCEPAGE:p.11									BENEFIT:The Angel has Detect Evil as a constant ability. Constant spell-like abilities function at all times but can be dispelled. Constant spell-like abilities can be reactivate a as a swift action.
Detect Snares And Pits			KEY:Detect Snares And Pits ~ Angel	CATEGORY:Special Ability	TYPE:SpecialQuality.SpellLike.Sense									DESC:The Angel has Detect Snares And Pits as a constant ability.										SOURCEPAGE:p.11									BENEFIT:The Angel has Detect Snares And Pits as a constant ability. Constant spell-like abilities function at all times but can be dispelled. Constant spell-like abilities can be reactivate a as a swift action.
Discern Lies				KEY:Discern Lies ~ Angel		CATEGORY:Special Ability	TYPE:SpecialQuality.SpellLike.Communicate			DEFINE:DiscernLiesDC|13+CHA	DESC:The Angel has Discern Lies as a constant ability.											SOURCEPAGE:p.11	ASPECT:Ability Benefit|(DC %1)|DiscernLiesDC	BENEFIT:The Angel has Discern Lies as a constant ability. Constant spell-like abilities function at all times but can be dispelled. Constant spell-like abilities can be reactivate a as a swift action.
Slaying Arrow				KEY:Slaying Arrow ~ Solar		CATEGORY:Special Ability	TYPE:SpecialAttack.Supernatural									DESC:A solar's bow needs no ammunition, and automatically creates a slaying arrow of the solar's choice when drawn.	SOURCEPAGE:p.12
Stun						KEY:Stun ~ Angel				CATEGORY:Special Ability	TYPE:SpecialAttack.Supernatural		VISIBLE:YES
True Seeing					KEY:True Seeing ~ Angel			CATEGORY:Special Ability	TYPE:SpecialQuality.SpellLike.Sense									DESC:The Angel has True Seeing as a constant ability.												SOURCEPAGE:p.11									BENEFIT:The Angel has True Seeing as a constant ability. Constant spell-like abilities function at all times but can be dispelled. Constant spell-like abilities can be reactivate a as a swift action.
+4 Deflection bonus to AC vs. Evil	KEY:Angel Deflection			CATEGORY:Special Ability	TYPE:SpecialQuality.ModifyAC																														SOURCEPAGE:p.11
+4 Resistance to Saves vs. Evil	KEY:Angel Resistance			CATEGORY:Special Ability	TYPE:SpecialQuality.Defensive																														SOURCEPAGE:p.11

###Block: Animated Object Abilities
# Ability Name				Unique Key						Category of Ability		Type							Visible		Required Ability									Restricted Ability																					Required Movement Rate	Define										Description																				Stackable?	Multiple?	Choose		Clone Movement			Ability									Bonus to Ability Pool								Combat bonus						Misc bonus																							Add to base move			Modify VAR										Cost		Source Page		Aspects
Construction Points										CATEGORY:Special Ability	TYPE:SpecialQuality																																														DEFINE:ConstructionPoints|0	DEFINE:ConstructionPointsSpent|0	DESC:The Animated Object has spent %2 points out of %1 on additional abilities|ConstructionPoints|ConstructionPointsSpent																							BONUS:ABILITYPOOL|Animated Object Ability|ConstructionPoints									BONUS:MISC|CR|max(0,(ConstructionPointsSpent-ConstructionPoints)/2)	BONUS:MISC|CR|1|PREVAREQ:ConstructionPointsSpent,ConstructionPoints+1																			SOURCEPAGE:p.14
Hardness					KEY:Hardness ~ Animated Object		CATEGORY:Special Ability	TYPE:SpecialQuality.Defensive																																													DEFINE:Hardness|0									DESC:The Animated Object can ignor the first %1 points of damage from an attack.|Hardness																																																																													BONUS:VAR|Hardness|5										SOURCEPAGE:p.14	ASPECT:Ability Benefit|%1|Hardness
Additional Attack (1 CP)		KEY:Animated Object ~ Additional Attack	CATEGORY:Special Ability	TYPE:SpecialQuality.AnimatedObjectAbility	VISIBLE:DISPLAY																																																			DESC:Gains an additional slam attack.															STACK:YES	MULT:YES	CHOOSE:NOCHOICE																											BONUS:COMBAT|ATTACKS|1																																		BONUS:VAR|ConstructionPointsSpent|1								SOURCEPAGE:p.14
Additional Movement (Burrow/1 CP)	KEY:Animated Object ~ Burrow Movement	CATEGORY:Special Ability	TYPE:SpecialQuality.AnimatedObjectAbility	VISIBLE:DISPLAY																																																			DESC:Gains a burrow movement at a speed equal to its base speed.																		MOVECLONE:Walk,Burrow,*1																																																											BONUS:VAR|ConstructionPointsSpent|1								SOURCEPAGE:p.14
Additional Movement (Climb/1 CP)	KEY:Animated Object ~ Climb Movement	CATEGORY:Special Ability	TYPE:SpecialQuality.AnimatedObjectAbility	VISIBLE:DISPLAY																																																			DESC:Gains a climb movement at a speed equal to its base speed.																		MOVECLONE:Walk,Climb,*1																																																												BONUS:VAR|ConstructionPointsSpent|1								SOURCEPAGE:p.14
Additional Movement (Fly/1 CP)	KEY:Animated Object ~ Fly Movement		CATEGORY:Special Ability	TYPE:SpecialQuality.AnimatedObjectAbility	VISIBLE:DISPLAY																																																			DESC:Gains a fly movement at a speed equal to its base speed.																		MOVECLONE:Walk,Fly,*1		ABILITY:Special Ability|AUTOMATIC|Flight Maneuverability																																																	BONUS:VAR|ConstructionPointsSpent|1	BONUS:VAR|Maneuverability|1			SOURCEPAGE:p.14
Additional Movement (Swim/1 CP)	KEY:Animated Object ~ Swim Movement		CATEGORY:Special Ability	TYPE:SpecialQuality.AnimatedObjectAbility	VISIBLE:DISPLAY																																																			DESC:Gains a swim movement at a speed equal to its base speed.																		MOVECLONE:Walk,Swim,*1																																																												BONUS:VAR|ConstructionPointsSpent|1								SOURCEPAGE:p.14
Constrict (1 CP)				KEY:Animated Object ~ Constrict		CATEGORY:Special Ability	TYPE:SpecialQuality.AnimatedObjectAbility	VISIBLE:DISPLAY	PREABILITY:1,CATEGORY=Special Ability,Animated Object ~ Grab																																								DESC:Gains constrict with its slam attacks.																										ABILITY:Special Ability|AUTOMATIC|Constrict																																																			BONUS:VAR|ConstructionPointsSpent|1								SOURCEPAGE:p.14
Faster (Walk/1 CP)			KEY:Animated Object ~ Faster Walk		CATEGORY:Special Ability	TYPE:SpecialQuality.AnimatedObjectAbility	VISIBLE:DISPLAY																																																			DESC:Walk speed increases by +10 ft.																																																																																BONUS:MOVEADD|TYPE.Walk|10	BONUS:VAR|ConstructionPointsSpent|1								SOURCEPAGE:p.14
Faster (Burrow/1 CP)			KEY:Animated Object ~ Faster Burrow		CATEGORY:Special Ability	TYPE:SpecialQuality.AnimatedObjectAbility	VISIBLE:DISPLAY																																				PREMOVE:1,Burrow=1												DESC:Burrow speed increases by +10 ft.																																																																																BONUS:MOVEADD|TYPE.Burrow|10	BONUS:VAR|ConstructionPointsSpent|1								SOURCEPAGE:p.14
Faster (Climb/1 CP)			KEY:Animated Object ~ Faster Climb		CATEGORY:Special Ability	TYPE:SpecialQuality.AnimatedObjectAbility	VISIBLE:DISPLAY																																				PREMOVE:1,Climb=1													DESC:Climb speed increases by +10 ft.																																																																																BONUS:MOVEADD|TYPE.Climb|10	BONUS:VAR|ConstructionPointsSpent|1								SOURCEPAGE:p.14
Faster (Fly/1 CP)				KEY:Animated Object ~ Faster Fly		CATEGORY:Special Ability	TYPE:SpecialQuality.AnimatedObjectAbility	VISIBLE:DISPLAY																																				PREMOVE:1,Fly=1													DESC:Fly speed increases by +10 ft.																																																																																	BONUS:MOVEADD|TYPE.Fly|10	BONUS:VAR|ConstructionPointsSpent|1								SOURCEPAGE:p.14
Faster (Swim/1 CP)			KEY:Animated Object ~ Faster Swim		CATEGORY:Special Ability	TYPE:SpecialQuality.AnimatedObjectAbility	VISIBLE:DISPLAY																																				PREMOVE:1,Swim=1													DESC:Swim speed increases by +10 ft.																																																																																BONUS:MOVEADD|TYPE.Swim|10	BONUS:VAR|ConstructionPointsSpent|1								SOURCEPAGE:p.14
Grab (1 CP)					KEY:Animated Object ~ Grab			CATEGORY:Special Ability	TYPE:SpecialQuality.AnimatedObjectAbility	VISIBLE:DISPLAY																																																			DESC:Gains grab special attack with slam attacks.																									ABILITY:Special Ability|AUTOMATIC|Grab																																																				BONUS:VAR|ConstructionPointsSpent|1								SOURCEPAGE:p.14
Metal (Common/2 CP)			KEY:Animated Object ~ Metal (Common)	CATEGORY:Special Ability	TYPE:SpecialQuality.AnimatedObjectAbility	VISIBLE:DISPLAY												!PREABILITY:1,CATEGORY=Special Ability,Animated Object ~ Metal (Mithral),Animated Object ~ Metal (Adamantine),Animated Object ~ Stone																	DESC:The object is made of common metal.																																																BONUS:COMBAT|AC|2|TYPE=NaturalArmor.REPLACE																														BONUS:VAR|ConstructionPointsSpent|2	BONUS:VAR|Hardness|5		COST:2	SOURCEPAGE:p.14
Metal (Mithral/4 CP)			KEY:Animated Object ~ Metal (Mithral)	CATEGORY:Special Ability	TYPE:SpecialQuality.AnimatedObjectAbility	VISIBLE:DISPLAY												!PREABILITY:1,CATEGORY=Special Ability,Animated Object ~ Metal (Common),Animated Object ~ Metal (Adamantine),Animated Object ~ Stone																	DESC:The object is made of Mithral.																																																	BONUS:COMBAT|AC|4|TYPE=NaturalArmor.REPLACE																														BONUS:VAR|ConstructionPointsSpent|4	BONUS:VAR|Hardness|10		COST:4	SOURCEPAGE:p.14
Metal (Adamantine/6 CP)			KEY:Animated Object ~ Metal (Adamantine)	CATEGORY:Special Ability	TYPE:SpecialQuality.AnimatedObjectAbility	VISIBLE:DISPLAY												!PREABILITY:1,CATEGORY=Special Ability,Animated Object ~ Metal (Mithral),Animated Object ~ Metal (Common),Animated Object ~ Stone																		DESC:The object is made of Adamantine.																																																BONUS:COMBAT|AC|6|TYPE=NaturalArmor.REPLACE																														BONUS:VAR|ConstructionPointsSpent|6	BONUS:VAR|Hardness|15		COST:6	SOURCEPAGE:p.14
Stone (1 CP)				KEY:Animated Object ~ Stone			CATEGORY:Special Ability	TYPE:SpecialQuality.AnimatedObjectAbility	VISIBLE:DISPLAY												!PREABILITY:1,CATEGORY=Special Ability,Animated Object ~ Metal (Mithral),Animated Object ~ Metal (Common),Animated Object ~ Metal (Adamantine)																DESC:The object is made of stone or crystal.																																															BONUS:COMBAT|AC|1|TYPE=NaturalArmor.REPLACE																														BONUS:VAR|ConstructionPointsSpent|1	BONUS:VAR|Hardness|3				SOURCEPAGE:p.14
Trample (2 CP)				KEY:Animated Object ~ Trample			CATEGORY:Special Ability	TYPE:SpecialQuality.AnimatedObjectAbility	VISIBLE:DISPLAY																																																			DESC:The object gains the trample special attack.																									ABILITY:Special Ability|AUTOMATIC|Trample																																																				BONUS:VAR|ConstructionPointsSpent|2						COST:2	SOURCEPAGE:p.14

###Block: Ant abilities
# Ability Name	Unique Key			Category of Ability		Type						Visible	Define		Description																Modify VAR					Source Page
Poison		KEY:Poison ~ Giant Ant	CATEGORY:Special Ability	TYPE:SpecialAttack.Extraordinary	VISIBLE:YES	DEFINE:PoisonDC|0	DESC:Injury; Save Fort DC %1; Frequency 1/round for 4 rounds; Effect 1d2 Str; Cure 1 save.|PoisonDC	BONUS:VAR|PoisonDC|10+(TL/2)+CON	SOURCEPAGE:p.16

###Block: Barghest Abilities
# Ability Name	Unique Key				Category of Ability		Type						Define			Description																				Choose								Save checks bonus			Combat bonus				Bonus to HP					Misc bonus				Bonus to skill			Modify VAR										Source Page		Aspects								Description of the Benefits
Feed			KEY:Feed ~ Barghest		CATEGORY:Special Ability	TYPE:SpecialAttack.Supernatural	DEFINE:GrowthPoints|0	DESC:Once per month, a barghest can devour a nonevil humanoid's corpse as a full-round action to gain a growth point.		CHOOSE:NUMBER|MIN=1|MAX=4|TITLE=Add Growth Points	BONUS:CHECKS|ALL|GrowthPoints	BONUS:COMBAT|TOHIT|GrowthPoints	BONUS:HP|CURRENTMAX|GrowthPoints*5	BONUS:MISC|CR|GrowthPoints/2	BONUS:SKILL|ALL|GrowthPoints	BONUS:VAR|GrowthPoints|%CHOICE|TYPE=GrowthPoints|PREAPPLY:PC	SOURCEPAGE:p.27										BENEFIT:Once per month, a barghest can devour a nonevil humanoid's corpse as a full-round action to gain a growth point. It gains a bonus equal to its growth point total on attack rolls, CMB rolls, saving throws, and skill checks. Its maximum hit points increase by 5 for each growth point it gains. For every 2 growth points, a barghest's caster level for its spell-like abilities and its CR increase by +1. When a barghest reaches 4 growth points, it sheds its skin and becomes a greater barghest, losing all of its growth points (and bonuses) but gaining the stats presented on this page for a greater barghest.
Change Shape	KEY:Change Shape ~ Barghest	CATEGORY:Special Ability	TYPE:SpecialQuality.Supernatural					DESC:A Barghest has the ability to assume the appearance of a goblin or wolf, but retains most of its own physical qualities.																																																SOURCEPAGE:p.27	ASPECT:Ability Benefit|(goblin or wolf, polymorph)	BENEFIT:A Barghest has the ability to assume the appearance of a goblin or wolf, but retains most of its own physical qualities. This ability functions as a polymorph spell, but the Barghest does not adjust its ability scores (although it gains any other abilities of the creature it mimics).

###Block: Basilisk Abilities
# Ability Name	Unique Key			Category of Ability		Type						Define					Description																	Source Page		Aspects							Description of the Benefits
Gaze			KEY:Gaze ~ Basilisk	CATEGORY:Special Ability	TYPE:SpecialAttack.Extraordinary	DEFINE:BasiliskGazeDC|10+(HD/2)+CON	DESC:Turn to stone permanently (as flesh to stone), range 30 feet, Fortitude DC %1 negates.|BasiliskGazeDC	SOURCEPAGE:p.29	ASPECT:Ability Benefit|(DC %1)|BasiliskGazeDC	BENEFIT:Turn to stone permanently (as flesh to stone), range 30 feet, Fortitude DC %1 negates. A creature petrified in this matter that is then coated (not just splashed) with fresh basilisk blood (taken from a basilisk no more than 1 hour dead) is instantly restored to flesh. A single basilisk contains enough blood to coat 1d3 Medium creatures in this manner.|BasiliskGazeDC

###Block: Bat Swarm abilities
# Ability Name	Unique Key				Category of Ability		Type						Visible	Description																																														Source Page
Wounding		KEY:Wounding ~ Bat Swarm	CATEGORY:Special Ability	TYPE:SpecialAttack.Extraordinary	VISIBLE:YES	DESC:Any living creature damaged by a bat swarm continues to bleed, losing 1 hit point per round thereafter. Multiple wounds do not result in cumulative bleeding loss. The bleeding can be stopped by a DC 10 Heal check or the application of a cure spell or some other healing magic.	SOURCEPAGE:p.11

###Block: Beetle abilities
# Ability Name	Unique Key				Category of Ability		Type						Visible	Description																										Source Page
Luminescence	KEY:Luminescence ~ Beetle	CATEGORY:Special Ability	TYPE:SpecialQuality.Extraordinary	VISIBLE:YES	DESC:A fire beetle's glowing glands provide light in a 10-foot radius. A dead fire beetle's luminescent glands continue to glow for 1d6 days after its death.	SOURCEPAGE:p.33

###Block: Bugbear Abilities
# Ability Name	Unique Key			Category of Ability		Type						Description										Class Skill				Source Page
Stalker		KEY:Stalker ~ Bugbear	CATEGORY:Special Ability	TYPE:SpecialQuality.Extraordinary	DESC:Perception and Stealth are always class skills for bugbears.	CSKILL:Stealth|Perception	SOURCEPAGE:p.38

###Block: Centipede abilities
# Ability Name	Unique Key				Category of Ability		Type						Visible	Define		Description																	Modify VAR					Source Page
Poison		KEY:Poison ~ Giant Centipede	CATEGORY:Special Ability	TYPE:SpecialAttack.Extraordinary	VISIBLE:YES	DEFINE:PoisonDC|0	DESC:Injury; Save Fort DC %1; Frequency 1/round for 6 rounds; Effect 1d3 Dex damage; Cure 1 save.|PoisonDC	BONUS:VAR|PoisonDC|10+(TL/2)+CON	SOURCEPAGE:p.43
Poison		KEY:Poison ~ Centipede Swarm	CATEGORY:Special Ability	TYPE:SpecialAttack.Extraordinary	VISIBLE:YES	DEFINE:PoisonDC|0	DESC:Injury; Save Fort DC %1; Frequency 1/round for 6 rounds; Effect 1d4 Dex damage; Cure 1 save.|PoisonDC	BONUS:VAR|PoisonDC|10+(TL/2)+CON	SOURCEPAGE:p.43

#
# End
#
