# CVS $Revision$ $Author$ -- Tue Nov 10 22:18:52 2009 -- reformated by prettylst.pl v1.39 (build 10232)
SOURCELONG:Pathfinder Roleplaying Game Bestiary	SOURCESHORT:PFB	SOURCEWEB:http://paizo.com/store/byCompany/p/paizoPublishingLLC/pathfinder/pathfinderRPG/v5748btpy85k5	SOURCEDATE:2009-10

STARTPACK:Tiger Default	TYPE:DefaultMonster.Animal	VISIBLE:QUALIFY	EQUIPBUY:0	PREMULT:1,[!PRERACE:1,%],[PRERACE:1,Tiger]	SOURCEPAGE:p.265
RACE:Tiger	!PRERACE:1,%
NAME:Tiger
ALIGN:TN
STAT:STR=11|DEX=11|CON=11|INT=10|WIS=10|CHA=10
SKILL:Acrobatics	RANK:1
SKILL:Perception	RANK:1
SKILL:Stealth	RANK:2
SKILL:Swim		RANK:2
FEAT:Improved Initiative
FEAT:Skill Focus (Perception)
FEAT:Weapon Focus (Claw)


STARTPACK:Tiger (Dire) Default	TYPE:DefaultMonster.Animal	VISIBLE:QUALIFY	EQUIPBUY:0	PREMULT:1,[!PRERACE:1,%],[PRERACE:1,Tiger (Dire)]	SOURCEPAGE:p.265
RACE:Tiger (Dire)	!PRERACE:1,%
NAME:Dire Tiger
ALIGN:TN
STAT:STR=11|DEX=11|CON=11|INT=10|WIS=10|CHA=10
#SKILL:Acrobatics	RANK:1
SKILL:Perception	RANK:5
SKILL:Stealth	RANK:1
SKILL:Swim		RANK:2
FEAT:Improved Critical (Bite)
FEAT:Improved Initiative
FEAT:Run
FEAT:Skill Focus (Perception)
FEAT:Skill Focus (Stealth)
FEAT:Weapon Focus (Bite)
FEAT:Weapon Focus (Claw)


STARTPACK:Troglodyte Default	TYPE:DefaultMonster.Humanoid	VISIBLE:QUALIFY	EQUIPBUY:0	PREMULT:1,[PRERACE:1,Troglodyte],[!PRERACE:1,%]	SOURCEPAGE:p.267
RACE:Troglodyte	!PRERACE:1,%
NAME:Troglodyte
ALIGN:CE
STAT:STR=10|DEX=11|CON=10|INT=10|WIS=11|CHA=11
SKILL:Stealth	RANK:2
FEAT:Great Fortitude
GEAR:Club			LOCATION:Both Hands
GEAR:Javelin	QTY:3	LOCATION:Carried


STARTPACK:Troll Default	TYPE:DefaultMonster.Humanoid	VISIBLE:QUALIFY	EQUIPBUY:0	PREMULT:1,[!PRERACE:1,%],[PRERACE:1,Troll]	SOURCEPAGE:p.268
RACE:Troll	!PRERACE:1,%
NAME:Troll
ALIGN:CE
STAT:STR=11|DEX=10|CON=11|INT=10|WIS=11|CHA=10
SKILL:Intimidate	RANK:3
SKILL:Perception	RANK:3
FEAT:Intimidating Prowess
FEAT:Iron Will
FEAT:Skill Focus (Perception)


STARTPACK:Troll (Scrag) Default	TYPE:DefaultMonster.Humanoid	VISIBLE:QUALIFY	EQUIPBUY:0	PREMULT:1,[!PRERACE:1,%],[PRERACE:1,Troll (Scrag)]	SOURCEPAGE:p.268
RACE:Troll (Scrag)	!PRERACE:1,%
NAME:Scrag
ALIGN:CE
STAT:STR=11|DEX=10|CON=11|INT=10|WIS=11|CHA=10
SKILL:Intimidate	RANK:3
SKILL:Perception	RANK:3
FEAT:Intimidating Prowess
FEAT:Iron Will
FEAT:Skill Focus (Perception)


STARTPACK:Unicorn Default	VISIBLE:QUALIFY	EQUIPBUY:0	PREMULT:1,[PRERACE:1,Unicorn],[!PRERACE:1,%]	SOURCEPAGE:p.269
RACE:Unicorn	!PRERACE:1,%
NAME:Unicorn
ALIGN:CG
STAT:STR=10|DEX=11|CON=10|INT=11|WIS=11|CHA=10
SKILL:Acrobatics	RANK:2
SKILL:Perception	RANK:2
SKILL:Stealth	RANK:2
SKILL:Survival	RANK:2
FEAT:Multiattack
FEAT:Weapon Focus (Gore)

#
# End
#