# CVS $Revision$ $Author$ -- Wed Nov 11 13:23:23 2009 -- reformated by prettylst.pl v1.39 (build 10232)
SOURCELONG:Pathfinder Roleplaying Game Bestiary	SOURCESHORT:PFB	SOURCEWEB:http://paizo.com/store/byCompany/p/paizoPublishingLLC/pathfinder/pathfinderRPG/v5748btpy85k5	SOURCEDATE:2009-10
# Original Entry by: Eric Smith (Maredudd), Stefan Radermacher

###Block: Conditional Skills for output only
# Skill Name			Key Stat	Untrained?		Classes	Type			Visible
Disguise (Mimic objects)	KEYSTAT:CHA	USEUNTRAINED:NO	CLASSES:ALL	TYPE:SkillUse	VISIBLE:EXPORT
Stealth (In caverns)		KEYSTAT:DEX	USEUNTRAINED:NO	CLASSES:ALL	TYPE:SkillUse	VISIBLE:EXPORT
Stealth (In forests)		KEYSTAT:DEX	USEUNTRAINED:NO	CLASSES:ALL	TYPE:SkillUse	VISIBLE:EXPORT
Stealth (In tall grass)		KEYSTAT:DEX	USEUNTRAINED:NO	CLASSES:ALL	TYPE:SkillUse	VISIBLE:EXPORT
Stealth (In rocky areas)		KEYSTAT:DEX	USEUNTRAINED:NO	CLASSES:ALL	TYPE:SkillUse	VISIBLE:EXPORT
Stealth (In water)		KEYSTAT:DEX	USEUNTRAINED:NO	CLASSES:ALL	TYPE:SkillUse	VISIBLE:EXPORT
Survival (In forests)		KEYSTAT:WIS	USEUNTRAINED:NO	CLASSES:ALL	TYPE:SkillUse	VISIBLE:EXPORT

###Block: Skill .MODs
# Skill Name	Bonus to skill									Bonus to skill rank
Disguise.MOD	BONUS:SKILL|Disguise (When mimicking objects)|SKILL.Disguise.MISC	BONUS:SKILLRANK|Disguise (When mimicking objects)|skillinfo("RANK","Disguise")|TYPE=SkillGranted|PRERULE:1,DISPLAYSKILLUSE|PREVARNEQ:var("SKILL.Disguise (When mimicking objects).MISC"),var("SKILL.Disguise.MISC")
Stealth.MOD		BONUS:SKILL|Stealth (In caverns)|SKILL.Stealth.MISC			BONUS:SKILLRANK|Stealth (In caverns)|skillinfor("RANK","Stealth")|TYPE=SkillGranted|PRERULE:1,DISPLAYSKILLUSE|PREVARNEQ:var("SKILL.Stealth (In caverns).MISC"),var("SKILL.Stealth.MISC")
Stealth.MOD		BONUS:SKILL|Stealth (In forests)|SKILL.Stealth.MISC			BONUS:SKILLRANK|Stealth (In forests)|skillinfor("RANK","Stealth")|TYPE=SkillGranted|PRERULE:1,DISPLAYSKILLUSE|PREVARNEQ:var("SKILL.Stealth (In forests).MISC"),var("SKILL.Stealth.MISC")
Stealth.MOD		BONUS:SKILL|Stealth (In tall grass)|SKILL.Stealth.MISC		BONUS:SKILLRANK|Stealth (In tall grass)|SKILLRANK=Stealth|TYPE=SkillGranted|PRERULE:1,DISPLAYSKILLUSE|PREVARNEQ:var("SKILL.Stealth (In tall grass).MISC"),var("SKILL.Stealth.MISC")
Stealth.MOD		BONUS:SKILL|Stealth (In rocky areas)|SKILL.Stealth.MISC		BONUS:SKILLRANK|Stealth (In rocky areas)|SKILLRANK=Stealth|TYPE=SkillGranted|PRERULE:1,DISPLAYSKILLUSE|PREVARNEQ:var("SKILL.Stealth (In rocky areas).MISC"),var("SKILL.Stealth.MISC")
Stealth.MOD		BONUS:SKILL|Stealth (In water)|SKILL.Stealth.MISC			BONUS:SKILLRANK|Stealth (In water)|SKILLRANK=Stealth|TYPE=SkillGranted|PRERULE:1,DISPLAYSKILLUSE|PREVARNEQ:var("SKILL.Stealth (In water).MISC"),var("SKILL.Stealth.MISC")
Survival.MOD	BONUS:SKILL|Survival (In forests)|SKILL.Survival.MISC			BONUS:SKILLRANK|Survival (In forests)|SKILLRANK=Survival|TYPE=SkillGranted|PRERULE:1,DISPLAYSKILLUSE|PREVARNEQ:var("SKILL.Survival (In forests).MISC"),var("SKILL.Survival.MISC")
Survival.MOD	BONUS:SKILL|Survival (Track by scent)|SKILL.Survival.MISC		BONUS:SKILLRANK|Survival (Track by scent)|SKILLRANK=Survival|TYPE=SkillGranted|PRERULE:1,DISPLAYSKILLUSE|PREVARNEQ:var("SKILL.Survival (Track by scent).MISC"),var("SKILL.Survival.MISC")

#
# End
#
