# CVS $Revision$ $Author$ -- Sat Dec  5 00:10:54 2009 -- reformated by prettylst.pl v1.39 (build 10232)
SOURCELONG:Pathfinder Roleplaying Game Bestiary	SOURCESHORT:PFB	SOURCEWEB:http://paizo.com/store/byCompany/p/paizoPublishingLLC/pathfinder/pathfinderRPG/v5748btpy85k5	SOURCEDATE:2009-10


STARTPACK:Xill Default	TYPE:DefaultMonster.Outsider	VISIBLE:QUALIFY	EQUIPBUY:0	PREMULT:1,[PRERACE:1,Xill],[!PRERACE:1,%]	SOURCEPAGE:p.283
ALIGN:LE
RACE:Xill	!PRERACE:1,%
NAME:Xill
SKILL:Acrobatics			RANK:9
SKILL:Bluff				RANK:9
SKILL:Intimidate			RANK:9
SKILL:Knowledge (Arcana)	RANK:9
SKILL:Knowledge (Planes)	RANK:9
SKILL:Perception			RANK:9
SKILL:Sense Motive		RANK:9
SKILL:Stealth			RANK:9
FEAT:Combat Reflexes
FEAT:Improved Initiative
FEAT:Iron Will
FEAT:Weapon Focus (Claw)
FEAT:Weapon Focus (Sword (Short))
STAT:STR=11|DEX=10|CON=10|INT=11|WIS=10|CHA=11
GEAR:Shield (Heavy/Steel)			LOCATION:Equipped
GEAR:Sword (Short)				LOCATION:Primary Hand
GEAR:Sword (Short)				LOCATION:Secondary Hand
GEAR:Longbow			QTY:2		LOCATION:Carried
GEAR:Arrow				QTY:40	LOCATION:Carried


STARTPACK:Xorn Default	TYPE:DefaultMonster.Outsider	VISIBLE:QUALIFY	EQUIPBUY:0	PREMULT:1,[PRERACE:1,Xorn],[!PRERACE:1,%]	SOURCEPAGE:p.284
ALIGN:TN
RACE:Xorn	!PRERACE:1,%
NAME:Xorn
SKILL:Appraise				RANK:7
SKILL:Intimidate				RANK:7
SKILL:Knowledge (Dungeoneering)	RANK:7
SKILL:Perception				RANK:7
SKILL:Stealth				RANK:7
SKILL:Survival				RANK:7
FEAT:Cleave
FEAT:Improved Bull Rush
FEAT:Power Attack
FEAT:Toughness
STAT:STR=11|DEX=10|CON=11|INT=10|WIS=11|CHA=10


#
# End
#
