# CVS $Revision$ $Author$ -- Tue Nov 10 15:28:33 2009 -- reformated by prettylst.pl v1.39 (build 10232)
SOURCELONG:Pathfinder Roleplaying Game Bestiary	SOURCESHORT:PFB	SOURCEWEB:http://paizo.com/store/byCompany/p/paizoPublishingLLC/pathfinder/pathfinderRPG/v5748btpy85k5	SOURCEDATE:2009-10

STARTPACK:Rat (Dire) Default	TYPE:DefaultMonster.Aberration	VISIBLE:QUALIFY	EQUIPBUY:0	PREMULT:1,[!PRERACE:1,%],[PRERACE:1,Rat (Dire)]	SOURCEPAGE:p.232
RACE:Rat (Dire)	!PRERACE:1,%
NAME:Dire Rat
ALIGN:TN
STAT:STR=10|DEX=11|CON=11|INT=10|WIS=11|CHA=10
SKILL:Stealth	RANK:1
FEAT:Skill Focus (Perception)


STARTPACK:Rat Swarm Default	TYPE:DefaultMonster.Animal	VISIBLE:QUALIFY	EQUIPBUY:0	PREMULT:1,[!PRERACE:1,%],[PRERACE:1,Rat Swarm]	SOURCEPAGE:p.232
RACE:Rat Swarm	!PRERACE:1,%
NAME:Rat Swarm
ALIGN:TN
STAT:STR=10|DEX=11|CON=11|INT=10|WIS=11|CHA=10
SKILL:Acrobatics	RANK:1
SKILL:Perception	RANK:1
SKILL:Stealth	RANK:1
FEAT:Improved Initiative
FEAT:Skill Focus (Perception)

#
# End
#